Performing C SOURCE FILE Test CMAKE_HAVE_LIBC_PTHREAD failed with the following output:
Change Dir: /tmp/tmp.i9YVyPYwPO/cmake-build-release-chameleon/CMakeFiles/CMakeTmp

Run Build Command(s):/usr/bin/make cmTC_fb658/fast && /usr/bin/make -f CMakeFiles/cmTC_fb658.dir/build.make CMakeFiles/cmTC_fb658.dir/build
make[1]: Entering directory '/tmp/tmp.i9YVyPYwPO/cmake-build-release-chameleon/CMakeFiles/CMakeTmp'
Building C object CMakeFiles/cmTC_fb658.dir/src.c.o
/usr/bin/cc   -O3 -DNDEBUG -DCMAKE_HAVE_LIBC_PTHREAD   -o CMakeFiles/cmTC_fb658.dir/src.c.o   -c /tmp/tmp.i9YVyPYwPO/cmake-build-release-chameleon/CMakeFiles/CMakeTmp/src.c
Linking C executable cmTC_fb658
/usr/local/bin/cmake -E cmake_link_script CMakeFiles/cmTC_fb658.dir/link.txt --verbose=1
/usr/bin/cc  -O3 -DNDEBUG -DCMAKE_HAVE_LIBC_PTHREAD    CMakeFiles/cmTC_fb658.dir/src.c.o  -o cmTC_fb658 
CMakeFiles/cmTC_fb658.dir/src.c.o: In function `main':
src.c:(.text.startup+0x23): undefined reference to `pthread_create'
src.c:(.text.startup+0x2c): undefined reference to `pthread_detach'
src.c:(.text.startup+0x37): undefined reference to `pthread_join'
src.c:(.text.startup+0x42): undefined reference to `pthread_atfork'
collect2: error: ld returned 1 exit status
CMakeFiles/cmTC_fb658.dir/build.make:86: recipe for target 'cmTC_fb658' failed
make[1]: *** [cmTC_fb658] Error 1
make[1]: Leaving directory '/tmp/tmp.i9YVyPYwPO/cmake-build-release-chameleon/CMakeFiles/CMakeTmp'
Makefile:121: recipe for target 'cmTC_fb658/fast' failed
make: *** [cmTC_fb658/fast] Error 2


Source file was:
#include <pthread.h>

void* test_func(void* data)
{
  return data;
}

int main(void)
{
  pthread_t thread;
  pthread_create(&thread, NULL, test_func, NULL);
  pthread_detach(thread);
  pthread_join(thread, NULL);
  pthread_atfork(NULL, NULL, NULL);
  pthread_exit(NULL);

  return 0;
}

