Performing C SOURCE FILE Test CMAKE_HAVE_LIBC_PTHREAD failed with the following output:
Change Dir: /tmp/tmp.i9YVyPYwPO/cmake-build-debug-chameleon/CMakeFiles/CMakeTmp

Run Build Command(s):/usr/bin/make cmTC_332ad/fast && /usr/bin/make -f CMakeFiles/cmTC_332ad.dir/build.make CMakeFiles/cmTC_332ad.dir/build
make[1]: Entering directory '/tmp/tmp.i9YVyPYwPO/cmake-build-debug-chameleon/CMakeFiles/CMakeTmp'
Building C object CMakeFiles/cmTC_332ad.dir/src.c.o
/usr/bin/cc   -ggdb -O0 -DCMAKE_HAVE_LIBC_PTHREAD   -o CMakeFiles/cmTC_332ad.dir/src.c.o   -c /tmp/tmp.i9YVyPYwPO/cmake-build-debug-chameleon/CMakeFiles/CMakeTmp/src.c
Linking C executable cmTC_332ad
/usr/local/bin/cmake -E cmake_link_script CMakeFiles/cmTC_332ad.dir/link.txt --verbose=1
/usr/bin/cc  -ggdb -O0 -DCMAKE_HAVE_LIBC_PTHREAD    CMakeFiles/cmTC_332ad.dir/src.c.o  -o cmTC_332ad 
CMakeFiles/cmTC_332ad.dir/src.c.o: In function `main':
/tmp/tmp.i9YVyPYwPO/cmake-build-debug-chameleon/CMakeFiles/CMakeTmp/src.c:11: undefined reference to `pthread_create'
/tmp/tmp.i9YVyPYwPO/cmake-build-debug-chameleon/CMakeFiles/CMakeTmp/src.c:12: undefined reference to `pthread_detach'
/tmp/tmp.i9YVyPYwPO/cmake-build-debug-chameleon/CMakeFiles/CMakeTmp/src.c:13: undefined reference to `pthread_join'
/tmp/tmp.i9YVyPYwPO/cmake-build-debug-chameleon/CMakeFiles/CMakeTmp/src.c:14: undefined reference to `pthread_atfork'
collect2: error: ld returned 1 exit status
CMakeFiles/cmTC_332ad.dir/build.make:86: recipe for target 'cmTC_332ad' failed
make[1]: *** [cmTC_332ad] Error 1
make[1]: Leaving directory '/tmp/tmp.i9YVyPYwPO/cmake-build-debug-chameleon/CMakeFiles/CMakeTmp'
Makefile:121: recipe for target 'cmTC_332ad/fast' failed
make: *** [cmTC_332ad/fast] Error 2


Source file was:
#include <pthread.h>

void* test_func(void* data)
{
  return data;
}

int main(void)
{
  pthread_t thread;
  pthread_create(&thread, NULL, test_func, NULL);
  pthread_detach(thread);
  pthread_join(thread, NULL);
  pthread_atfork(NULL, NULL, NULL);
  pthread_exit(NULL);

  return 0;
}

